<?xml version="1.0" encoding="UTF-8"?>
<testsuite name="VisitorTest" tests="1" skipped="0" failures="0" errors="0" timestamp="2020-03-20T09:53:21" hostname="DESKTOP-I0T8K0P" time="0.002">
  <properties/>
  <testcase name="load" classname="VisitorTest" time="0.002"/>
  <system-out><![CDATA[]]></system-out>
  <system-err><![CDATA[]]></system-err>
</testsuite>
